[2025-05-29 20:21:37] local.ERROR: Please provide a valid cache path. {"userId":1,"exception":"[object] (InvalidArgumentException(code: 0): Please provide a valid cache path. at C:\\Users\\Yeison\\Pictures\\Instagram_files\\dulcecontigo-copia-ACTULIZADO 23 DE MAYO\\vendor\\laravel\\framework\\src\\Illuminate\\View\\Compilers\\Compiler.php:67)
[stacktrace]
#0 C:\\Users\\Yeison\\Pictures\\Instagram_files\\dulcecontigo-copia-ACTULIZADO 23 DE MAYO\\vendor\\laravel\\framework\\src\\Illuminate\\View\\ViewServiceProvider.php(97): Illuminate\\View\\Compilers\\Compiler->__construct(Object(Illuminate\\Filesystem\\Filesystem), false, '', true, 'php')
#1 C:\\Users\\Yeison\\Pictures\\Instagram_files\\dulcecontigo-copia-ACTULIZADO 23 DE MAYO\\vendor\\laravel\\framework\\src\\Illuminate\\Container\\Container.php(1010): Illuminate\\View\\ViewServiceProvider->Illuminate\\View\\{closure}(Object(Illuminate\\Foundation\\Application), Array)
#2 C:\\Users\\Yeison\\Pictures\\Instagram_files\\dulcecontigo-copia-ACTULIZADO 23 DE MAYO\\vendor\\laravel\\framework\\src\\Illuminate\\Container\\Container.php(890): Illuminate\\Container\\Container->build(Object(Closure))
#3 C:\\Users\\Yeison\\Pictures\\Instagram_files\\dulcecontigo-copia-ACTULIZADO 23 DE MAYO\\vendor\\laravel\\framework\\src\\Illuminate\\Foundation\\Application.php(1078): Illuminate\\Container\\Container->resolve('blade.compiler', Array, true)
#4 C:\\Users\\Yeison\\Pictures\\Instagram_files\\dulcecontigo-copia-ACTULIZADO 23 DE MAYO\\vendor\\laravel\\framework\\src\\Illuminate\\Container\\Container.php(821): Illuminate\\Foundation\\Application->resolve('blade.compiler', Array)
#5 C:\\Users\\Yeison\\Pictures\\Instagram_files\\dulcecontigo-copia-ACTULIZADO 23 DE MAYO\\vendor\\laravel\\framework\\src\\Illuminate\\Foundation\\Application.php(1058): Illuminate\\Container\\Container->make('blade.compiler', Array)
#6 C:\\Users\\Yeison\\Pictures\\Instagram_files\\dulcecontigo-copia-ACTULIZADO 23 DE MAYO\\vendor\\laravel\\framework\\src\\Illuminate\\View\\ViewServiceProvider.php(168): Illuminate\\Foundation\\Application->make('blade.compiler')
#7 [internal function]: Illuminate\\View\\ViewServiceProvider->Illuminate\\View\\{closure}()
#8 C:\\Users\\Yeison\\Pictures\\Instagram_files\\dulcecontigo-copia-ACTULIZADO 23 DE MAYO\\vendor\\laravel\\framework\\src\\Illuminate\\View\\Engines\\EngineResolver.php(55): call_user_func(Object(Closure))
#9 C:\\Users\\Yeison\\Pictures\\Instagram_files\\dulcecontigo-copia-ACTULIZADO 23 DE MAYO\\vendor\\laravel\\framework\\src\\Illuminate\\View\\Factory.php(326): Illuminate\\View\\Engines\\EngineResolver->resolve('blade')
#10 C:\\Users\\Yeison\\Pictures\\Instagram_files\\dulcecontigo-copia-ACTULIZADO 23 DE MAYO\\vendor\\laravel\\framework\\src\\Illuminate\\View\\Factory.php(288): Illuminate\\View\\Factory->getEngineFromPath('C:\\\\Users\\\\Yeison...')
#11 C:\\Users\\Yeison\\Pictures\\Instagram_files\\dulcecontigo-copia-ACTULIZADO 23 DE MAYO\\vendor\\laravel\\framework\\src\\Illuminate\\View\\Factory.php(160): Illuminate\\View\\Factory->viewInstance('productos.index', 'C:\\\\Users\\\\Yeison...', Array)
#12 C:\\Users\\Yeison\\Pictures\\Instagram_files\\dulcecontigo-copia-ACTULIZADO 23 DE MAYO\\vendor\\laravel\\framework\\src\\Illuminate\\Foundation\\helpers.php(1062): Illuminate\\View\\Factory->make('productos.index', Array, Array)
#13 C:\\Users\\Yeison\\Pictures\\Instagram_files\\dulcecontigo-copia-ACTULIZADO 23 DE MAYO\\app\\Http\\Controllers\\ProductoController.php(20): view('productos.index', Array)
#14 C:\\Users\\Yeison\\Pictures\\Instagram_files\\dulcecontigo-copia-ACTULIZADO 23 DE MAYO\\vendor\\laravel\\framework\\src\\Illuminate\\Routing\\Controller.php(54): App\\Http\\Controllers\\ProductoController->index()
#15 C:\\Users\\Yeison\\Pictures\\Instagram_files\\dulcecontigo-copia-ACTULIZADO 23 DE MAYO\\vendor\\laravel\\framework\\src\\Illuminate\\Routing\\ControllerDispatcher.php(44): Illuminate\\Routing\\Controller->callAction('index', Array)
#16 C:\\Users\\Yeison\\Pictures\\Instagram_files\\dulcecontigo-copia-ACTULIZADO 23 DE MAYO\\vendor\\laravel\\framework\\src\\Illuminate\\Routing\\Route.php(266): Illuminate\\Routing\\ControllerDispatcher->dispatch(Object(Illuminate\\Routing\\Route), Object(App\\Http\\Controllers\\ProductoController), 'index')
#17 C:\\Users\\Yeison\\Pictures\\Instagram_files\\dulcecontigo-copia-ACTULIZADO 23 DE MAYO\\vendor\\laravel\\framework\\src\\Illuminate\\Routing\\Route.php(212): Illuminate\\Routing\\Route->runController()
#18 C:\\Users\\Yeison\\Pictures\\Instagram_files\\dulcecontigo-copia-ACTULIZADO 23 DE MAYO\\vendor\\laravel\\framework\\src\\Illuminate\\Routing\\Router.php(809): Illuminate\\Routing\\Route->run()
#19 C:\\Users\\Yeison\\Pictures\\Instagram_files\\dulcecontigo-copia-ACTULIZADO 23 DE MAYO\\vendor\\laravel\\framework\\src\\Illuminate\\Pipeline\\Pipeline.php(170): Illuminate\\Routing\\Router->Illuminate\\Routing\\{closure}(Object(Illuminate\\Http\\Request))
#20 C:\\Users\\Yeison\\Pictures\\Instagram_files\\dulcecontigo-copia-ACTULIZADO 23 DE MAYO\\vendor\\laravel\\framework\\src\\Illuminate\\Routing\\Middleware\\SubstituteBindings.php(51): Illuminate\\Pipeline\\Pipeline->Illuminate\\Pipeline\\{closure}(Object(Illuminate\\Http\\Request))
#21 C:\\Users\\Yeison\\Pictures\\Instagram_files\\dulcecontigo-copia-ACTULIZADO 23 DE MAYO\\vendor\\laravel\\framework\\src\\Illuminate\\Pipeline\\Pipeline.php(209): Illuminate\\Routing\\Middleware\\SubstituteBindings->handle(Object(Illuminate\\Http\\Request), Object(Closure))
#22 C:\\Users\\Yeison\\Pictures\\Instagram_files\\dulcecontigo-copia-ACTULIZADO 23 DE MAYO\\vendor\\laravel\\framework\\src\\Illuminate\\Foundation\\Http\\Middleware\\VerifyCsrfToken.php(88): Illuminate\\Pipeline\\Pipeline->Illuminate\\Pipeline\\{closure}(Object(Illuminate\\Http\\Request))
#23 C:\\Users\\Yeison\\Pictures\\Instagram_files\\dulcecontigo-copia-ACTULIZADO 23 DE MAYO\\vendor\\laravel\\framework\\src\\Illuminate\\Pipeline\\Pipeline.php(209): Illuminate\\Foundation\\Http\\Middleware\\VerifyCsrfToken->handle(Object(Illuminate\\Http\\Request), Object(Closure))
#24 C:\\Users\\Yeison\\Pictures\\Instagram_files\\dulcecontigo-copia-ACTULIZADO 23 DE MAYO\\vendor\\laravel\\framework\\src\\Illuminate\\View\\Middleware\\ShareErrorsFromSession.php(49): Illuminate\\Pipeline\\Pipeline->Illuminate\\Pipeline\\{closure}(Object(Illuminate\\Http\\Request))
#25 C:\\Users\\Yeison\\Pictures\\Instagram_files\\dulcecontigo-copia-ACTULIZADO 23 DE MAYO\\vendor\\laravel\\framework\\src\\Illuminate\\Pipeline\\Pipeline.php(209): Illuminate\\View\\Middleware\\ShareErrorsFromSession->handle(Object(Illuminate\\Http\\Request), Object(Closure))
#26 C:\\Users\\Yeison\\Pictures\\Instagram_files\\dulcecontigo-copia-ACTULIZADO 23 DE MAYO\\vendor\\laravel\\framework\\src\\Illuminate\\Session\\Middleware\\StartSession.php(121): Illuminate\\Pipeline\\Pipeline->Illuminate\\Pipeline\\{closure}(Object(Illuminate\\Http\\Request))
#27 C:\\Users\\Yeison\\Pictures\\Instagram_files\\dulcecontigo-copia-ACTULIZADO 23 DE MAYO\\vendor\\laravel\\framework\\src\\Illuminate\\Session\\Middleware\\StartSession.php(64): Illuminate\\Session\\Middleware\\StartSession->handleStatefulRequest(Object(Illuminate\\Http\\Request), Object(Illuminate\\Session\\Store), Object(Closure))
#28 C:\\Users\\Yeison\\Pictures\\Instagram_files\\dulcecontigo-copia-ACTULIZADO 23 DE MAYO\\vendor\\laravel\\framework\\src\\Illuminate\\Pipeline\\Pipeline.php(209): Illuminate\\Session\\Middleware\\StartSession->handle(Object(Illuminate\\Http\\Request), Object(Closure))
#29 C:\\Users\\Yeison\\Pictures\\Instagram_files\\dulcecontigo-copia-ACTULIZADO 23 DE MAYO\\vendor\\laravel\\framework\\src\\Illuminate\\Cookie\\Middleware\\AddQueuedCookiesToResponse.php(37): Illuminate\\Pipeline\\Pipeline->Illuminate\\Pipeline\\{closure}(Object(Illuminate\\Http\\Request))
#30 C:\\Users\\Yeison\\Pictures\\Instagram_files\\dulcecontigo-copia-ACTULIZADO 23 DE MAYO\\vendor\\laravel\\framework\\src\\Illuminate\\Pipeline\\Pipeline.php(209): Illuminate\\Cookie\\Middleware\\AddQueuedCookiesToResponse->handle(Object(Illuminate\\Http\\Request), Object(Closure))
#31 C:\\Users\\Yeison\\Pictures\\Instagram_files\\dulcecontigo-copia-ACTULIZADO 23 DE MAYO\\vendor\\laravel\\framework\\src\\Illuminate\\Cookie\\Middleware\\EncryptCookies.php(75): Illuminate\\Pipeline\\Pipeline->Illuminate\\Pipeline\\{closure}(Object(Illuminate\\Http\\Request))
#32 C:\\Users\\Yeison\\Pictures\\Instagram_files\\dulcecontigo-copia-ACTULIZADO 23 DE MAYO\\vendor\\laravel\\framework\\src\\Illuminate\\Pipeline\\Pipeline.php(209): Illuminate\\Cookie\\Middleware\\EncryptCookies->handle(Object(Illuminate\\Http\\Request), Object(Closure))
#33 C:\\Users\\Yeison\\Pictures\\Instagram_files\\dulcecontigo-copia-ACTULIZADO 23 DE MAYO\\vendor\\laravel\\framework\\src\\Illuminate\\Pipeline\\Pipeline.php(127): Illuminate\\Pipeline\\Pipeline->Illuminate\\Pipeline\\{closure}(Object(Illuminate\\Http\\Request))
#34 C:\\Users\\Yeison\\Pictures\\Instagram_files\\dulcecontigo-copia-ACTULIZADO 23 DE MAYO\\vendor\\laravel\\framework\\src\\Illuminate\\Routing\\Router.php(808): Illuminate\\Pipeline\\Pipeline->then(Object(Closure))
#35 C:\\Users\\Yeison\\Pictures\\Instagram_files\\dulcecontigo-copia-ACTULIZADO 23 DE MAYO\\vendor\\laravel\\framework\\src\\Illuminate\\Routing\\Router.php(787): Illuminate\\Routing\\Router->runRouteWithinStack(Object(Illuminate\\Routing\\Route), Object(Illuminate\\Http\\Request))
#36 C:\\Users\\Yeison\\Pictures\\Instagram_files\\dulcecontigo-copia-ACTULIZADO 23 DE MAYO\\vendor\\laravel\\framework\\src\\Illuminate\\Routing\\Router.php(751): Illuminate\\Routing\\Router->runRoute(Object(Illuminate\\Http\\Request), Object(Illuminate\\Routing\\Route))
#37 C:\\Users\\Yeison\\Pictures\\Instagram_files\\dulcecontigo-copia-ACTULIZADO 23 DE MAYO\\vendor\\laravel\\framework\\src\\Illuminate\\Routing\\Router.php(740): Illuminate\\Routing\\Router->dispatchToRoute(Object(Illuminate\\Http\\Request))
#38 C:\\Users\\Yeison\\Pictures\\Instagram_files\\dulcecontigo-copia-ACTULIZADO 23 DE MAYO\\vendor\\laravel\\framework\\src\\Illuminate\\Foundation\\Http\\Kernel.php(201): Illuminate\\Routing\\Router->dispatch(Object(Illuminate\\Http\\Request))
#39 C:\\Users\\Yeison\\Pictures\\Instagram_files\\dulcecontigo-copia-ACTULIZADO 23 DE MAYO\\vendor\\laravel\\framework\\src\\Illuminate\\Pipeline\\Pipeline.php(170): Illuminate\\Foundation\\Http\\Kernel->Illuminate\\Foundation\\Http\\{closure}(Object(Illuminate\\Http\\Request))
#40 C:\\Users\\Yeison\\Pictures\\Instagram_files\\dulcecontigo-copia-ACTULIZADO 23 DE MAYO\\vendor\\laravel\\framework\\src\\Illuminate\\Foundation\\Http\\Middleware\\TransformsRequest.php(21): Illuminate\\Pipeline\\Pipeline->Illuminate\\Pipeline\\{closure}(Object(Illuminate\\Http\\Request))
#41 C:\\Users\\Yeison\\Pictures\\Instagram_files\\dulcecontigo-copia-ACTULIZADO 23 DE MAYO\\vendor\\laravel\\framework\\src\\Illuminate\\Foundation\\Http\\Middleware\\ConvertEmptyStringsToNull.php(31): Illuminate\\Foundation\\Http\\Middleware\\TransformsRequest->handle(Object(Illuminate\\Http\\Request), Object(Closure))
#42 C:\\Users\\Yeison\\Pictures\\Instagram_files\\dulcecontigo-copia-ACTULIZADO 23 DE MAYO\\vendor\\laravel\\framework\\src\\Illuminate\\Pipeline\\Pipeline.php(209): Illuminate\\Foundation\\Http\\Middleware\\ConvertEmptyStringsToNull->handle(Object(Illuminate\\Http\\Request), Object(Closure))
#43 C:\\Users\\Yeison\\Pictures\\Instagram_files\\dulcecontigo-copia-ACTULIZADO 23 DE MAYO\\vendor\\laravel\\framework\\src\\Illuminate\\Foundation\\Http\\Middleware\\TransformsRequest.php(21): Illuminate\\Pipeline\\Pipeline->Illuminate\\Pipeline\\{closure}(Object(Illuminate\\Http\\Request))
#44 C:\\Users\\Yeison\\Pictures\\Instagram_files\\dulcecontigo-copia-ACTULIZADO 23 DE MAYO\\vendor\\laravel\\framework\\src\\Illuminate\\Foundation\\Http\\Middleware\\TrimStrings.php(51): Illuminate\\Foundation\\Http\\Middleware\\TransformsRequest->handle(Object(Illuminate\\Http\\Request), Object(Closure))
#45 C:\\Users\\Yeison\\Pictures\\Instagram_files\\dulcecontigo-copia-ACTULIZADO 23 DE MAYO\\vendor\\laravel\\framework\\src\\Illuminate\\Pipeline\\Pipeline.php(209): Illuminate\\Foundation\\Http\\Middleware\\TrimStrings->handle(Object(Illuminate\\Http\\Request), Object(Closure))
#46 C:\\Users\\Yeison\\Pictures\\Instagram_files\\dulcecontigo-copia-ACTULIZADO 23 DE MAYO\\vendor\\laravel\\framework\\src\\Illuminate\\Http\\Middleware\\ValidatePostSize.php(27): Illuminate\\Pipeline\\Pipeline->Illuminate\\Pipeline\\{closure}(Object(Illuminate\\Http\\Request))
#47 C:\\Users\\Yeison\\Pictures\\Instagram_files\\dulcecontigo-copia-ACTULIZADO 23 DE MAYO\\vendor\\laravel\\framework\\src\\Illuminate\\Pipeline\\Pipeline.php(209): Illuminate\\Http\\Middleware\\ValidatePostSize->handle(Object(Illuminate\\Http\\Request), Object(Closure))
#48 C:\\Users\\Yeison\\Pictures\\Instagram_files\\dulcecontigo-copia-ACTULIZADO 23 DE MAYO\\vendor\\laravel\\framework\\src\\Illuminate\\Foundation\\Http\\Middleware\\PreventRequestsDuringMaintenance.php(110): Illuminate\\Pipeline\\Pipeline->Illuminate\\Pipeline\\{closure}(Object(Illuminate\\Http\\Request))
#49 C:\\Users\\Yeison\\Pictures\\Instagram_files\\dulcecontigo-copia-ACTULIZADO 23 DE MAYO\\vendor\\laravel\\framework\\src\\Illuminate\\Pipeline\\Pipeline.php(209): Illuminate\\Foundation\\Http\\Middleware\\PreventRequestsDuringMaintenance->handle(Object(Illuminate\\Http\\Request), Object(Closure))
#50 C:\\Users\\Yeison\\Pictures\\Instagram_files\\dulcecontigo-copia-ACTULIZADO 23 DE MAYO\\vendor\\laravel\\framework\\src\\Illuminate\\Http\\Middleware\\HandleCors.php(49): Illuminate\\Pipeline\\Pipeline->Illuminate\\Pipeline\\{closure}(Object(Illuminate\\Http\\Request))
#51 C:\\Users\\Yeison\\Pictures\\Instagram_files\\dulcecontigo-copia-ACTULIZADO 23 DE MAYO\\vendor\\laravel\\framework\\src\\Illuminate\\Pipeline\\Pipeline.php(209): Illuminate\\Http\\Middleware\\HandleCors->handle(Object(Illuminate\\Http\\Request), Object(Closure))
#52 C:\\Users\\Yeison\\Pictures\\Instagram_files\\dulcecontigo-copia-ACTULIZADO 23 DE MAYO\\vendor\\laravel\\framework\\src\\Illuminate\\Http\\Middleware\\TrustProxies.php(58): Illuminate\\Pipeline\\Pipeline->Illuminate\\Pipeline\\{closure}(Object(Illuminate\\Http\\Request))
#53 C:\\Users\\Yeison\\Pictures\\Instagram_files\\dulcecontigo-copia-ACTULIZADO 23 DE MAYO\\vendor\\laravel\\framework\\src\\Illuminate\\Pipeline\\Pipeline.php(209): Illuminate\\Http\\Middleware\\TrustProxies->handle(Object(Illuminate\\Http\\Request), Object(Closure))
#54 C:\\Users\\Yeison\\Pictures\\Instagram_files\\dulcecontigo-copia-ACTULIZADO 23 DE MAYO\\vendor\\laravel\\framework\\src\\Illuminate\\Foundation\\Http\\Middleware\\InvokeDeferredCallbacks.php(22): Illuminate\\Pipeline\\Pipeline->Illuminate\\Pipeline\\{closure}(Object(Illuminate\\Http\\Request))
#55 C:\\Users\\Yeison\\Pictures\\Instagram_files\\dulcecontigo-copia-ACTULIZADO 23 DE MAYO\\vendor\\laravel\\framework\\src\\Illuminate\\Pipeline\\Pipeline.php(209): Illuminate\\Foundation\\Http\\Middleware\\InvokeDeferredCallbacks->handle(Object(Illuminate\\Http\\Request), Object(Closure))
#56 C:\\Users\\Yeison\\Pictures\\Instagram_files\\dulcecontigo-copia-ACTULIZADO 23 DE MAYO\\vendor\\laravel\\framework\\src\\Illuminate\\Http\\Middleware\\ValidatePathEncoding.php(26): Illuminate\\Pipeline\\Pipeline->Illuminate\\Pipeline\\{closure}(Object(Illuminate\\Http\\Request))
#57 C:\\Users\\Yeison\\Pictures\\Instagram_files\\dulcecontigo-copia-ACTULIZADO 23 DE MAYO\\vendor\\laravel\\framework\\src\\Illuminate\\Pipeline\\Pipeline.php(209): Illuminate\\Http\\Middleware\\ValidatePathEncoding->handle(Object(Illuminate\\Http\\Request), Object(Closure))
#58 C:\\Users\\Yeison\\Pictures\\Instagram_files\\dulcecontigo-copia-ACTULIZADO 23 DE MAYO\\vendor\\laravel\\framework\\src\\Illuminate\\Pipeline\\Pipeline.php(127): Illuminate\\Pipeline\\Pipeline->Illuminate\\Pipeline\\{closure}(Object(Illuminate\\Http\\Request))
#59 C:\\Users\\Yeison\\Pictures\\Instagram_files\\dulcecontigo-copia-ACTULIZADO 23 DE MAYO\\vendor\\laravel\\framework\\src\\Illuminate\\Foundation\\Http\\Kernel.php(176): Illuminate\\Pipeline\\Pipeline->then(Object(Closure))
#60 C:\\Users\\Yeison\\Pictures\\Instagram_files\\dulcecontigo-copia-ACTULIZADO 23 DE MAYO\\vendor\\laravel\\framework\\src\\Illuminate\\Foundation\\Http\\Kernel.php(145): Illuminate\\Foundation\\Http\\Kernel->sendRequestThroughRouter(Object(Illuminate\\Http\\Request))
#61 C:\\Users\\Yeison\\Pictures\\Instagram_files\\dulcecontigo-copia-ACTULIZADO 23 DE MAYO\\vendor\\laravel\\framework\\src\\Illuminate\\Foundation\\Application.php(1220): Illuminate\\Foundation\\Http\\Kernel->handle(Object(Illuminate\\Http\\Request))
#62 C:\\Users\\Yeison\\Pictures\\Instagram_files\\dulcecontigo-copia-ACTULIZADO 23 DE MAYO\\public\\index.php(20): Illuminate\\Foundation\\Application->handleRequest(Object(Illuminate\\Http\\Request))
#63 C:\\Users\\Yeison\\Pictures\\Instagram_files\\dulcecontigo-copia-ACTULIZADO 23 DE MAYO\\vendor\\laravel\\framework\\src\\Illuminate\\Foundation\\resources\\server.php(23): require_once('C:\\\\Users\\\\Yeison...')
#64 {main}
"} 
[2025-05-29 20:21:51] local.ERROR: Please provide a valid cache path. {"userId":1,"exception":"[object] (InvalidArgumentException(code: 0): Please provide a valid cache path. at C:\\Users\\Yeison\\Pictures\\Instagram_files\\dulcecontigo-copia-ACTULIZADO 23 DE MAYO\\vendor\\laravel\\framework\\src\\Illuminate\\View\\Compilers\\Compiler.php:67)
[stacktrace]
#0 C:\\Users\\Yeison\\Pictures\\Instagram_files\\dulcecontigo-copia-ACTULIZADO 23 DE MAYO\\vendor\\laravel\\framework\\src\\Illuminate\\View\\ViewServiceProvider.php(97): Illuminate\\View\\Compilers\\Compiler->__construct(Object(Illuminate\\Filesystem\\Filesystem), false, '', true, 'php')
#1 C:\\Users\\Yeison\\Pictures\\Instagram_files\\dulcecontigo-copia-ACTULIZADO 23 DE MAYO\\vendor\\laravel\\framework\\src\\Illuminate\\Container\\Container.php(1010): Illuminate\\View\\ViewServiceProvider->Illuminate\\View\\{closure}(Object(Illuminate\\Foundation\\Application), Array)
#2 C:\\Users\\Yeison\\Pictures\\Instagram_files\\dulcecontigo-copia-ACTULIZADO 23 DE MAYO\\vendor\\laravel\\framework\\src\\Illuminate\\Container\\Container.php(890): Illuminate\\Container\\Container->build(Object(Closure))
#3 C:\\Users\\Yeison\\Pictures\\Instagram_files\\dulcecontigo-copia-ACTULIZADO 23 DE MAYO\\vendor\\laravel\\framework\\src\\Illuminate\\Foundation\\Application.php(1078): Illuminate\\Container\\Container->resolve('blade.compiler', Array, true)
#4 C:\\Users\\Yeison\\Pictures\\Instagram_files\\dulcecontigo-copia-ACTULIZADO 23 DE MAYO\\vendor\\laravel\\framework\\src\\Illuminate\\Container\\Container.php(821): Illuminate\\Foundation\\Application->resolve('blade.compiler', Array)
#5 C:\\Users\\Yeison\\Pictures\\Instagram_files\\dulcecontigo-copia-ACTULIZADO 23 DE MAYO\\vendor\\laravel\\framework\\src\\Illuminate\\Foundation\\Application.php(1058): Illuminate\\Container\\Container->make('blade.compiler', Array)
#6 C:\\Users\\Yeison\\Pictures\\Instagram_files\\dulcecontigo-copia-ACTULIZADO 23 DE MAYO\\vendor\\laravel\\framework\\src\\Illuminate\\View\\ViewServiceProvider.php(168): Illuminate\\Foundation\\Application->make('blade.compiler')
#7 [internal function]: Illuminate\\View\\ViewServiceProvider->Illuminate\\View\\{closure}()
#8 C:\\Users\\Yeison\\Pictures\\Instagram_files\\dulcecontigo-copia-ACTULIZADO 23 DE MAYO\\vendor\\laravel\\framework\\src\\Illuminate\\View\\Engines\\EngineResolver.php(55): call_user_func(Object(Closure))
#9 C:\\Users\\Yeison\\Pictures\\Instagram_files\\dulcecontigo-copia-ACTULIZADO 23 DE MAYO\\vendor\\laravel\\framework\\src\\Illuminate\\View\\Factory.php(326): Illuminate\\View\\Engines\\EngineResolver->resolve('blade')
#10 C:\\Users\\Yeison\\Pictures\\Instagram_files\\dulcecontigo-copia-ACTULIZADO 23 DE MAYO\\vendor\\laravel\\framework\\src\\Illuminate\\View\\Factory.php(288): Illuminate\\View\\Factory->getEngineFromPath('C:\\\\Users\\\\Yeison...')
#11 C:\\Users\\Yeison\\Pictures\\Instagram_files\\dulcecontigo-copia-ACTULIZADO 23 DE MAYO\\vendor\\laravel\\framework\\src\\Illuminate\\View\\Factory.php(160): Illuminate\\View\\Factory->viewInstance('productos.index', 'C:\\\\Users\\\\Yeison...', Array)
#12 C:\\Users\\Yeison\\Pictures\\Instagram_files\\dulcecontigo-copia-ACTULIZADO 23 DE MAYO\\vendor\\laravel\\framework\\src\\Illuminate\\Foundation\\helpers.php(1062): Illuminate\\View\\Factory->make('productos.index', Array, Array)
#13 C:\\Users\\Yeison\\Pictures\\Instagram_files\\dulcecontigo-copia-ACTULIZADO 23 DE MAYO\\app\\Http\\Controllers\\ProductoController.php(20): view('productos.index', Array)
#14 C:\\Users\\Yeison\\Pictures\\Instagram_files\\dulcecontigo-copia-ACTULIZADO 23 DE MAYO\\vendor\\laravel\\framework\\src\\Illuminate\\Routing\\Controller.php(54): App\\Http\\Controllers\\ProductoController->index()
#15 C:\\Users\\Yeison\\Pictures\\Instagram_files\\dulcecontigo-copia-ACTULIZADO 23 DE MAYO\\vendor\\laravel\\framework\\src\\Illuminate\\Routing\\ControllerDispatcher.php(44): Illuminate\\Routing\\Controller->callAction('index', Array)
#16 C:\\Users\\Yeison\\Pictures\\Instagram_files\\dulcecontigo-copia-ACTULIZADO 23 DE MAYO\\vendor\\laravel\\framework\\src\\Illuminate\\Routing\\Route.php(266): Illuminate\\Routing\\ControllerDispatcher->dispatch(Object(Illuminate\\Routing\\Route), Object(App\\Http\\Controllers\\ProductoController), 'index')
#17 C:\\Users\\Yeison\\Pictures\\Instagram_files\\dulcecontigo-copia-ACTULIZADO 23 DE MAYO\\vendor\\laravel\\framework\\src\\Illuminate\\Routing\\Route.php(212): Illuminate\\Routing\\Route->runController()
#18 C:\\Users\\Yeison\\Pictures\\Instagram_files\\dulcecontigo-copia-ACTULIZADO 23 DE MAYO\\vendor\\laravel\\framework\\src\\Illuminate\\Routing\\Router.php(809): Illuminate\\Routing\\Route->run()
#19 C:\\Users\\Yeison\\Pictures\\Instagram_files\\dulcecontigo-copia-ACTULIZADO 23 DE MAYO\\vendor\\laravel\\framework\\src\\Illuminate\\Pipeline\\Pipeline.php(170): Illuminate\\Routing\\Router->Illuminate\\Routing\\{closure}(Object(Illuminate\\Http\\Request))
#20 C:\\Users\\Yeison\\Pictures\\Instagram_files\\dulcecontigo-copia-ACTULIZADO 23 DE MAYO\\vendor\\laravel\\framework\\src\\Illuminate\\Routing\\Middleware\\SubstituteBindings.php(51): Illuminate\\Pipeline\\Pipeline->Illuminate\\Pipeline\\{closure}(Object(Illuminate\\Http\\Request))
#21 C:\\Users\\Yeison\\Pictures\\Instagram_files\\dulcecontigo-copia-ACTULIZADO 23 DE MAYO\\vendor\\laravel\\framework\\src\\Illuminate\\Pipeline\\Pipeline.php(209): Illuminate\\Routing\\Middleware\\SubstituteBindings->handle(Object(Illuminate\\Http\\Request), Object(Closure))
#22 C:\\Users\\Yeison\\Pictures\\Instagram_files\\dulcecontigo-copia-ACTULIZADO 23 DE MAYO\\vendor\\laravel\\framework\\src\\Illuminate\\Foundation\\Http\\Middleware\\VerifyCsrfToken.php(88): Illuminate\\Pipeline\\Pipeline->Illuminate\\Pipeline\\{closure}(Object(Illuminate\\Http\\Request))
#23 C:\\Users\\Yeison\\Pictures\\Instagram_files\\dulcecontigo-copia-ACTULIZADO 23 DE MAYO\\vendor\\laravel\\framework\\src\\Illuminate\\Pipeline\\Pipeline.php(209): Illuminate\\Foundation\\Http\\Middleware\\VerifyCsrfToken->handle(Object(Illuminate\\Http\\Request), Object(Closure))
#24 C:\\Users\\Yeison\\Pictures\\Instagram_files\\dulcecontigo-copia-ACTULIZADO 23 DE MAYO\\vendor\\laravel\\framework\\src\\Illuminate\\View\\Middleware\\ShareErrorsFromSession.php(49): Illuminate\\Pipeline\\Pipeline->Illuminate\\Pipeline\\{closure}(Object(Illuminate\\Http\\Request))
#25 C:\\Users\\Yeison\\Pictures\\Instagram_files\\dulcecontigo-copia-ACTULIZADO 23 DE MAYO\\vendor\\laravel\\framework\\src\\Illuminate\\Pipeline\\Pipeline.php(209): Illuminate\\View\\Middleware\\ShareErrorsFromSession->handle(Object(Illuminate\\Http\\Request), Object(Closure))
#26 C:\\Users\\Yeison\\Pictures\\Instagram_files\\dulcecontigo-copia-ACTULIZADO 23 DE MAYO\\vendor\\laravel\\framework\\src\\Illuminate\\Session\\Middleware\\StartSession.php(121): Illuminate\\Pipeline\\Pipeline->Illuminate\\Pipeline\\{closure}(Object(Illuminate\\Http\\Request))
#27 C:\\Users\\Yeison\\Pictures\\Instagram_files\\dulcecontigo-copia-ACTULIZADO 23 DE MAYO\\vendor\\laravel\\framework\\src\\Illuminate\\Session\\Middleware\\StartSession.php(64): Illuminate\\Session\\Middleware\\StartSession->handleStatefulRequest(Object(Illuminate\\Http\\Request), Object(Illuminate\\Session\\Store), Object(Closure))
#28 C:\\Users\\Yeison\\Pictures\\Instagram_files\\dulcecontigo-copia-ACTULIZADO 23 DE MAYO\\vendor\\laravel\\framework\\src\\Illuminate\\Pipeline\\Pipeline.php(209): Illuminate\\Session\\Middleware\\StartSession->handle(Object(Illuminate\\Http\\Request), Object(Closure))
#29 C:\\Users\\Yeison\\Pictures\\Instagram_files\\dulcecontigo-copia-ACTULIZADO 23 DE MAYO\\vendor\\laravel\\framework\\src\\Illuminate\\Cookie\\Middleware\\AddQueuedCookiesToResponse.php(37): Illuminate\\Pipeline\\Pipeline->Illuminate\\Pipeline\\{closure}(Object(Illuminate\\Http\\Request))
#30 C:\\Users\\Yeison\\Pictures\\Instagram_files\\dulcecontigo-copia-ACTULIZADO 23 DE MAYO\\vendor\\laravel\\framework\\src\\Illuminate\\Pipeline\\Pipeline.php(209): Illuminate\\Cookie\\Middleware\\AddQueuedCookiesToResponse->handle(Object(Illuminate\\Http\\Request), Object(Closure))
#31 C:\\Users\\Yeison\\Pictures\\Instagram_files\\dulcecontigo-copia-ACTULIZADO 23 DE MAYO\\vendor\\laravel\\framework\\src\\Illuminate\\Cookie\\Middleware\\EncryptCookies.php(75): Illuminate\\Pipeline\\Pipeline->Illuminate\\Pipeline\\{closure}(Object(Illuminate\\Http\\Request))
#32 C:\\Users\\Yeison\\Pictures\\Instagram_files\\dulcecontigo-copia-ACTULIZADO 23 DE MAYO\\vendor\\laravel\\framework\\src\\Illuminate\\Pipeline\\Pipeline.php(209): Illuminate\\Cookie\\Middleware\\EncryptCookies->handle(Object(Illuminate\\Http\\Request), Object(Closure))
#33 C:\\Users\\Yeison\\Pictures\\Instagram_files\\dulcecontigo-copia-ACTULIZADO 23 DE MAYO\\vendor\\laravel\\framework\\src\\Illuminate\\Pipeline\\Pipeline.php(127): Illuminate\\Pipeline\\Pipeline->Illuminate\\Pipeline\\{closure}(Object(Illuminate\\Http\\Request))
#34 C:\\Users\\Yeison\\Pictures\\Instagram_files\\dulcecontigo-copia-ACTULIZADO 23 DE MAYO\\vendor\\laravel\\framework\\src\\Illuminate\\Routing\\Router.php(808): Illuminate\\Pipeline\\Pipeline->then(Object(Closure))
#35 C:\\Users\\Yeison\\Pictures\\Instagram_files\\dulcecontigo-copia-ACTULIZADO 23 DE MAYO\\vendor\\laravel\\framework\\src\\Illuminate\\Routing\\Router.php(787): Illuminate\\Routing\\Router->runRouteWithinStack(Object(Illuminate\\Routing\\Route), Object(Illuminate\\Http\\Request))
#36 C:\\Users\\Yeison\\Pictures\\Instagram_files\\dulcecontigo-copia-ACTULIZADO 23 DE MAYO\\vendor\\laravel\\framework\\src\\Illuminate\\Routing\\Router.php(751): Illuminate\\Routing\\Router->runRoute(Object(Illuminate\\Http\\Request), Object(Illuminate\\Routing\\Route))
#37 C:\\Users\\Yeison\\Pictures\\Instagram_files\\dulcecontigo-copia-ACTULIZADO 23 DE MAYO\\vendor\\laravel\\framework\\src\\Illuminate\\Routing\\Router.php(740): Illuminate\\Routing\\Router->dispatchToRoute(Object(Illuminate\\Http\\Request))
#38 C:\\Users\\Yeison\\Pictures\\Instagram_files\\dulcecontigo-copia-ACTULIZADO 23 DE MAYO\\vendor\\laravel\\framework\\src\\Illuminate\\Foundation\\Http\\Kernel.php(201): Illuminate\\Routing\\Router->dispatch(Object(Illuminate\\Http\\Request))
#39 C:\\Users\\Yeison\\Pictures\\Instagram_files\\dulcecontigo-copia-ACTULIZADO 23 DE MAYO\\vendor\\laravel\\framework\\src\\Illuminate\\Pipeline\\Pipeline.php(170): Illuminate\\Foundation\\Http\\Kernel->Illuminate\\Foundation\\Http\\{closure}(Object(Illuminate\\Http\\Request))
#40 C:\\Users\\Yeison\\Pictures\\Instagram_files\\dulcecontigo-copia-ACTULIZADO 23 DE MAYO\\vendor\\laravel\\framework\\src\\Illuminate\\Foundation\\Http\\Middleware\\TransformsRequest.php(21): Illuminate\\Pipeline\\Pipeline->Illuminate\\Pipeline\\{closure}(Object(Illuminate\\Http\\Request))
#41 C:\\Users\\Yeison\\Pictures\\Instagram_files\\dulcecontigo-copia-ACTULIZADO 23 DE MAYO\\vendor\\laravel\\framework\\src\\Illuminate\\Foundation\\Http\\Middleware\\ConvertEmptyStringsToNull.php(31): Illuminate\\Foundation\\Http\\Middleware\\TransformsRequest->handle(Object(Illuminate\\Http\\Request), Object(Closure))
#42 C:\\Users\\Yeison\\Pictures\\Instagram_files\\dulcecontigo-copia-ACTULIZADO 23 DE MAYO\\vendor\\laravel\\framework\\src\\Illuminate\\Pipeline\\Pipeline.php(209): Illuminate\\Foundation\\Http\\Middleware\\ConvertEmptyStringsToNull->handle(Object(Illuminate\\Http\\Request), Object(Closure))
#43 C:\\Users\\Yeison\\Pictures\\Instagram_files\\dulcecontigo-copia-ACTULIZADO 23 DE MAYO\\vendor\\laravel\\framework\\src\\Illuminate\\Foundation\\Http\\Middleware\\TransformsRequest.php(21): Illuminate\\Pipeline\\Pipeline->Illuminate\\Pipeline\\{closure}(Object(Illuminate\\Http\\Request))
#44 C:\\Users\\Yeison\\Pictures\\Instagram_files\\dulcecontigo-copia-ACTULIZADO 23 DE MAYO\\vendor\\laravel\\framework\\src\\Illuminate\\Foundation\\Http\\Middleware\\TrimStrings.php(51): Illuminate\\Foundation\\Http\\Middleware\\TransformsRequest->handle(Object(Illuminate\\Http\\Request), Object(Closure))
#45 C:\\Users\\Yeison\\Pictures\\Instagram_files\\dulcecontigo-copia-ACTULIZADO 23 DE MAYO\\vendor\\laravel\\framework\\src\\Illuminate\\Pipeline\\Pipeline.php(209): Illuminate\\Foundation\\Http\\Middleware\\TrimStrings->handle(Object(Illuminate\\Http\\Request), Object(Closure))
#46 C:\\Users\\Yeison\\Pictures\\Instagram_files\\dulcecontigo-copia-ACTULIZADO 23 DE MAYO\\vendor\\laravel\\framework\\src\\Illuminate\\Http\\Middleware\\ValidatePostSize.php(27): Illuminate\\Pipeline\\Pipeline->Illuminate\\Pipeline\\{closure}(Object(Illuminate\\Http\\Request))
#47 C:\\Users\\Yeison\\Pictures\\Instagram_files\\dulcecontigo-copia-ACTULIZADO 23 DE MAYO\\vendor\\laravel\\framework\\src\\Illuminate\\Pipeline\\Pipeline.php(209): Illuminate\\Http\\Middleware\\ValidatePostSize->handle(Object(Illuminate\\Http\\Request), Object(Closure))
#48 C:\\Users\\Yeison\\Pictures\\Instagram_files\\dulcecontigo-copia-ACTULIZADO 23 DE MAYO\\vendor\\laravel\\framework\\src\\Illuminate\\Foundation\\Http\\Middleware\\PreventRequestsDuringMaintenance.php(110): Illuminate\\Pipeline\\Pipeline->Illuminate\\Pipeline\\{closure}(Object(Illuminate\\Http\\Request))
#49 C:\\Users\\Yeison\\Pictures\\Instagram_files\\dulcecontigo-copia-ACTULIZADO 23 DE MAYO\\vendor\\laravel\\framework\\src\\Illuminate\\Pipeline\\Pipeline.php(209): Illuminate\\Foundation\\Http\\Middleware\\PreventRequestsDuringMaintenance->handle(Object(Illuminate\\Http\\Request), Object(Closure))
#50 C:\\Users\\Yeison\\Pictures\\Instagram_files\\dulcecontigo-copia-ACTULIZADO 23 DE MAYO\\vendor\\laravel\\framework\\src\\Illuminate\\Http\\Middleware\\HandleCors.php(49): Illuminate\\Pipeline\\Pipeline->Illuminate\\Pipeline\\{closure}(Object(Illuminate\\Http\\Request))
#51 C:\\Users\\Yeison\\Pictures\\Instagram_files\\dulcecontigo-copia-ACTULIZADO 23 DE MAYO\\vendor\\laravel\\framework\\src\\Illuminate\\Pipeline\\Pipeline.php(209): Illuminate\\Http\\Middleware\\HandleCors->handle(Object(Illuminate\\Http\\Request), Object(Closure))
#52 C:\\Users\\Yeison\\Pictures\\Instagram_files\\dulcecontigo-copia-ACTULIZADO 23 DE MAYO\\vendor\\laravel\\framework\\src\\Illuminate\\Http\\Middleware\\TrustProxies.php(58): Illuminate\\Pipeline\\Pipeline->Illuminate\\Pipeline\\{closure}(Object(Illuminate\\Http\\Request))
#53 C:\\Users\\Yeison\\Pictures\\Instagram_files\\dulcecontigo-copia-ACTULIZADO 23 DE MAYO\\vendor\\laravel\\framework\\src\\Illuminate\\Pipeline\\Pipeline.php(209): Illuminate\\Http\\Middleware\\TrustProxies->handle(Object(Illuminate\\Http\\Request), Object(Closure))
#54 C:\\Users\\Yeison\\Pictures\\Instagram_files\\dulcecontigo-copia-ACTULIZADO 23 DE MAYO\\vendor\\laravel\\framework\\src\\Illuminate\\Foundation\\Http\\Middleware\\InvokeDeferredCallbacks.php(22): Illuminate\\Pipeline\\Pipeline->Illuminate\\Pipeline\\{closure}(Object(Illuminate\\Http\\Request))
#55 C:\\Users\\Yeison\\Pictures\\Instagram_files\\dulcecontigo-copia-ACTULIZADO 23 DE MAYO\\vendor\\laravel\\framework\\src\\Illuminate\\Pipeline\\Pipeline.php(209): Illuminate\\Foundation\\Http\\Middleware\\InvokeDeferredCallbacks->handle(Object(Illuminate\\Http\\Request), Object(Closure))
#56 C:\\Users\\Yeison\\Pictures\\Instagram_files\\dulcecontigo-copia-ACTULIZADO 23 DE MAYO\\vendor\\laravel\\framework\\src\\Illuminate\\Http\\Middleware\\ValidatePathEncoding.php(26): Illuminate\\Pipeline\\Pipeline->Illuminate\\Pipeline\\{closure}(Object(Illuminate\\Http\\Request))
#57 C:\\Users\\Yeison\\Pictures\\Instagram_files\\dulcecontigo-copia-ACTULIZADO 23 DE MAYO\\vendor\\laravel\\framework\\src\\Illuminate\\Pipeline\\Pipeline.php(209): Illuminate\\Http\\Middleware\\ValidatePathEncoding->handle(Object(Illuminate\\Http\\Request), Object(Closure))
#58 C:\\Users\\Yeison\\Pictures\\Instagram_files\\dulcecontigo-copia-ACTULIZADO 23 DE MAYO\\vendor\\laravel\\framework\\src\\Illuminate\\Pipeline\\Pipeline.php(127): Illuminate\\Pipeline\\Pipeline->Illuminate\\Pipeline\\{closure}(Object(Illuminate\\Http\\Request))
#59 C:\\Users\\Yeison\\Pictures\\Instagram_files\\dulcecontigo-copia-ACTULIZADO 23 DE MAYO\\vendor\\laravel\\framework\\src\\Illuminate\\Foundation\\Http\\Kernel.php(176): Illuminate\\Pipeline\\Pipeline->then(Object(Closure))
#60 C:\\Users\\Yeison\\Pictures\\Instagram_files\\dulcecontigo-copia-ACTULIZADO 23 DE MAYO\\vendor\\laravel\\framework\\src\\Illuminate\\Foundation\\Http\\Kernel.php(145): Illuminate\\Foundation\\Http\\Kernel->sendRequestThroughRouter(Object(Illuminate\\Http\\Request))
#61 C:\\Users\\Yeison\\Pictures\\Instagram_files\\dulcecontigo-copia-ACTULIZADO 23 DE MAYO\\vendor\\laravel\\framework\\src\\Illuminate\\Foundation\\Application.php(1220): Illuminate\\Foundation\\Http\\Kernel->handle(Object(Illuminate\\Http\\Request))
#62 C:\\Users\\Yeison\\Pictures\\Instagram_files\\dulcecontigo-copia-ACTULIZADO 23 DE MAYO\\public\\index.php(20): Illuminate\\Foundation\\Application->handleRequest(Object(Illuminate\\Http\\Request))
#63 C:\\Users\\Yeison\\Pictures\\Instagram_files\\dulcecontigo-copia-ACTULIZADO 23 DE MAYO\\vendor\\laravel\\framework\\src\\Illuminate\\Foundation\\resources\\server.php(23): require_once('C:\\\\Users\\\\Yeison...')
#64 {main}
"} 
[2025-05-29 20:22:16] local.ERROR: Please provide a valid cache path. {"userId":1,"exception":"[object] (InvalidArgumentException(code: 0): Please provide a valid cache path. at C:\\Users\\Yeison\\Pictures\\Instagram_files\\dulcecontigo-copia-ACTULIZADO 23 DE MAYO\\vendor\\laravel\\framework\\src\\Illuminate\\View\\Compilers\\Compiler.php:67)
[stacktrace]
#0 C:\\Users\\Yeison\\Pictures\\Instagram_files\\dulcecontigo-copia-ACTULIZADO 23 DE MAYO\\vendor\\laravel\\framework\\src\\Illuminate\\View\\ViewServiceProvider.php(97): Illuminate\\View\\Compilers\\Compiler->__construct(Object(Illuminate\\Filesystem\\Filesystem), false, '', true, 'php')
#1 C:\\Users\\Yeison\\Pictures\\Instagram_files\\dulcecontigo-copia-ACTULIZADO 23 DE MAYO\\vendor\\laravel\\framework\\src\\Illuminate\\Container\\Container.php(1010): Illuminate\\View\\ViewServiceProvider->Illuminate\\View\\{closure}(Object(Illuminate\\Foundation\\Application), Array)
#2 C:\\Users\\Yeison\\Pictures\\Instagram_files\\dulcecontigo-copia-ACTULIZADO 23 DE MAYO\\vendor\\laravel\\framework\\src\\Illuminate\\Container\\Container.php(890): Illuminate\\Container\\Container->build(Object(Closure))
#3 C:\\Users\\Yeison\\Pictures\\Instagram_files\\dulcecontigo-copia-ACTULIZADO 23 DE MAYO\\vendor\\laravel\\framework\\src\\Illuminate\\Foundation\\Application.php(1078): Illuminate\\Container\\Container->resolve('blade.compiler', Array, true)
#4 C:\\Users\\Yeison\\Pictures\\Instagram_files\\dulcecontigo-copia-ACTULIZADO 23 DE MAYO\\vendor\\laravel\\framework\\src\\Illuminate\\Container\\Container.php(821): Illuminate\\Foundation\\Application->resolve('blade.compiler', Array)
#5 C:\\Users\\Yeison\\Pictures\\Instagram_files\\dulcecontigo-copia-ACTULIZADO 23 DE MAYO\\vendor\\laravel\\framework\\src\\Illuminate\\Foundation\\Application.php(1058): Illuminate\\Container\\Container->make('blade.compiler', Array)
#6 C:\\Users\\Yeison\\Pictures\\Instagram_files\\dulcecontigo-copia-ACTULIZADO 23 DE MAYO\\vendor\\laravel\\framework\\src\\Illuminate\\View\\ViewServiceProvider.php(168): Illuminate\\Foundation\\Application->make('blade.compiler')
#7 [internal function]: Illuminate\\View\\ViewServiceProvider->Illuminate\\View\\{closure}()
#8 C:\\Users\\Yeison\\Pictures\\Instagram_files\\dulcecontigo-copia-ACTULIZADO 23 DE MAYO\\vendor\\laravel\\framework\\src\\Illuminate\\View\\Engines\\EngineResolver.php(55): call_user_func(Object(Closure))
#9 C:\\Users\\Yeison\\Pictures\\Instagram_files\\dulcecontigo-copia-ACTULIZADO 23 DE MAYO\\vendor\\laravel\\framework\\src\\Illuminate\\View\\Factory.php(326): Illuminate\\View\\Engines\\EngineResolver->resolve('blade')
#10 C:\\Users\\Yeison\\Pictures\\Instagram_files\\dulcecontigo-copia-ACTULIZADO 23 DE MAYO\\vendor\\laravel\\framework\\src\\Illuminate\\View\\Factory.php(288): Illuminate\\View\\Factory->getEngineFromPath('C:\\\\Users\\\\Yeison...')
#11 C:\\Users\\Yeison\\Pictures\\Instagram_files\\dulcecontigo-copia-ACTULIZADO 23 DE MAYO\\vendor\\laravel\\framework\\src\\Illuminate\\View\\Factory.php(160): Illuminate\\View\\Factory->viewInstance('productos.index', 'C:\\\\Users\\\\Yeison...', Array)
#12 C:\\Users\\Yeison\\Pictures\\Instagram_files\\dulcecontigo-copia-ACTULIZADO 23 DE MAYO\\vendor\\laravel\\framework\\src\\Illuminate\\Foundation\\helpers.php(1062): Illuminate\\View\\Factory->make('productos.index', Array, Array)
#13 C:\\Users\\Yeison\\Pictures\\Instagram_files\\dulcecontigo-copia-ACTULIZADO 23 DE MAYO\\app\\Http\\Controllers\\ProductoController.php(20): view('productos.index', Array)
#14 C:\\Users\\Yeison\\Pictures\\Instagram_files\\dulcecontigo-copia-ACTULIZADO 23 DE MAYO\\vendor\\laravel\\framework\\src\\Illuminate\\Routing\\Controller.php(54): App\\Http\\Controllers\\ProductoController->index()
#15 C:\\Users\\Yeison\\Pictures\\Instagram_files\\dulcecontigo-copia-ACTULIZADO 23 DE MAYO\\vendor\\laravel\\framework\\src\\Illuminate\\Routing\\ControllerDispatcher.php(44): Illuminate\\Routing\\Controller->callAction('index', Array)
#16 C:\\Users\\Yeison\\Pictures\\Instagram_files\\dulcecontigo-copia-ACTULIZADO 23 DE MAYO\\vendor\\laravel\\framework\\src\\Illuminate\\Routing\\Route.php(266): Illuminate\\Routing\\ControllerDispatcher->dispatch(Object(Illuminate\\Routing\\Route), Object(App\\Http\\Controllers\\ProductoController), 'index')
#17 C:\\Users\\Yeison\\Pictures\\Instagram_files\\dulcecontigo-copia-ACTULIZADO 23 DE MAYO\\vendor\\laravel\\framework\\src\\Illuminate\\Routing\\Route.php(212): Illuminate\\Routing\\Route->runController()
#18 C:\\Users\\Yeison\\Pictures\\Instagram_files\\dulcecontigo-copia-ACTULIZADO 23 DE MAYO\\vendor\\laravel\\framework\\src\\Illuminate\\Routing\\Router.php(809): Illuminate\\Routing\\Route->run()
#19 C:\\Users\\Yeison\\Pictures\\Instagram_files\\dulcecontigo-copia-ACTULIZADO 23 DE MAYO\\vendor\\laravel\\framework\\src\\Illuminate\\Pipeline\\Pipeline.php(170): Illuminate\\Routing\\Router->Illuminate\\Routing\\{closure}(Object(Illuminate\\Http\\Request))
#20 C:\\Users\\Yeison\\Pictures\\Instagram_files\\dulcecontigo-copia-ACTULIZADO 23 DE MAYO\\vendor\\laravel\\framework\\src\\Illuminate\\Routing\\Middleware\\SubstituteBindings.php(51): Illuminate\\Pipeline\\Pipeline->Illuminate\\Pipeline\\{closure}(Object(Illuminate\\Http\\Request))
#21 C:\\Users\\Yeison\\Pictures\\Instagram_files\\dulcecontigo-copia-ACTULIZADO 23 DE MAYO\\vendor\\laravel\\framework\\src\\Illuminate\\Pipeline\\Pipeline.php(209): Illuminate\\Routing\\Middleware\\SubstituteBindings->handle(Object(Illuminate\\Http\\Request), Object(Closure))
#22 C:\\Users\\Yeison\\Pictures\\Instagram_files\\dulcecontigo-copia-ACTULIZADO 23 DE MAYO\\vendor\\laravel\\framework\\src\\Illuminate\\Foundation\\Http\\Middleware\\VerifyCsrfToken.php(88): Illuminate\\Pipeline\\Pipeline->Illuminate\\Pipeline\\{closure}(Object(Illuminate\\Http\\Request))
#23 C:\\Users\\Yeison\\Pictures\\Instagram_files\\dulcecontigo-copia-ACTULIZADO 23 DE MAYO\\vendor\\laravel\\framework\\src\\Illuminate\\Pipeline\\Pipeline.php(209): Illuminate\\Foundation\\Http\\Middleware\\VerifyCsrfToken->handle(Object(Illuminate\\Http\\Request), Object(Closure))
#24 C:\\Users\\Yeison\\Pictures\\Instagram_files\\dulcecontigo-copia-ACTULIZADO 23 DE MAYO\\vendor\\laravel\\framework\\src\\Illuminate\\View\\Middleware\\ShareErrorsFromSession.php(49): Illuminate\\Pipeline\\Pipeline->Illuminate\\Pipeline\\{closure}(Object(Illuminate\\Http\\Request))
#25 C:\\Users\\Yeison\\Pictures\\Instagram_files\\dulcecontigo-copia-ACTULIZADO 23 DE MAYO\\vendor\\laravel\\framework\\src\\Illuminate\\Pipeline\\Pipeline.php(209): Illuminate\\View\\Middleware\\ShareErrorsFromSession->handle(Object(Illuminate\\Http\\Request), Object(Closure))
#26 C:\\Users\\Yeison\\Pictures\\Instagram_files\\dulcecontigo-copia-ACTULIZADO 23 DE MAYO\\vendor\\laravel\\framework\\src\\Illuminate\\Session\\Middleware\\StartSession.php(121): Illuminate\\Pipeline\\Pipeline->Illuminate\\Pipeline\\{closure}(Object(Illuminate\\Http\\Request))
#27 C:\\Users\\Yeison\\Pictures\\Instagram_files\\dulcecontigo-copia-ACTULIZADO 23 DE MAYO\\vendor\\laravel\\framework\\src\\Illuminate\\Session\\Middleware\\StartSession.php(64): Illuminate\\Session\\Middleware\\StartSession->handleStatefulRequest(Object(Illuminate\\Http\\Request), Object(Illuminate\\Session\\Store), Object(Closure))
#28 C:\\Users\\Yeison\\Pictures\\Instagram_files\\dulcecontigo-copia-ACTULIZADO 23 DE MAYO\\vendor\\laravel\\framework\\src\\Illuminate\\Pipeline\\Pipeline.php(209): Illuminate\\Session\\Middleware\\StartSession->handle(Object(Illuminate\\Http\\Request), Object(Closure))
#29 C:\\Users\\Yeison\\Pictures\\Instagram_files\\dulcecontigo-copia-ACTULIZADO 23 DE MAYO\\vendor\\laravel\\framework\\src\\Illuminate\\Cookie\\Middleware\\AddQueuedCookiesToResponse.php(37): Illuminate\\Pipeline\\Pipeline->Illuminate\\Pipeline\\{closure}(Object(Illuminate\\Http\\Request))
#30 C:\\Users\\Yeison\\Pictures\\Instagram_files\\dulcecontigo-copia-ACTULIZADO 23 DE MAYO\\vendor\\laravel\\framework\\src\\Illuminate\\Pipeline\\Pipeline.php(209): Illuminate\\Cookie\\Middleware\\AddQueuedCookiesToResponse->handle(Object(Illuminate\\Http\\Request), Object(Closure))
#31 C:\\Users\\Yeison\\Pictures\\Instagram_files\\dulcecontigo-copia-ACTULIZADO 23 DE MAYO\\vendor\\laravel\\framework\\src\\Illuminate\\Cookie\\Middleware\\EncryptCookies.php(75): Illuminate\\Pipeline\\Pipeline->Illuminate\\Pipeline\\{closure}(Object(Illuminate\\Http\\Request))
#32 C:\\Users\\Yeison\\Pictures\\Instagram_files\\dulcecontigo-copia-ACTULIZADO 23 DE MAYO\\vendor\\laravel\\framework\\src\\Illuminate\\Pipeline\\Pipeline.php(209): Illuminate\\Cookie\\Middleware\\EncryptCookies->handle(Object(Illuminate\\Http\\Request), Object(Closure))
#33 C:\\Users\\Yeison\\Pictures\\Instagram_files\\dulcecontigo-copia-ACTULIZADO 23 DE MAYO\\vendor\\laravel\\framework\\src\\Illuminate\\Pipeline\\Pipeline.php(127): Illuminate\\Pipeline\\Pipeline->Illuminate\\Pipeline\\{closure}(Object(Illuminate\\Http\\Request))
#34 C:\\Users\\Yeison\\Pictures\\Instagram_files\\dulcecontigo-copia-ACTULIZADO 23 DE MAYO\\vendor\\laravel\\framework\\src\\Illuminate\\Routing\\Router.php(808): Illuminate\\Pipeline\\Pipeline->then(Object(Closure))
#35 C:\\Users\\Yeison\\Pictures\\Instagram_files\\dulcecontigo-copia-ACTULIZADO 23 DE MAYO\\vendor\\laravel\\framework\\src\\Illuminate\\Routing\\Router.php(787): Illuminate\\Routing\\Router->runRouteWithinStack(Object(Illuminate\\Routing\\Route), Object(Illuminate\\Http\\Request))
#36 C:\\Users\\Yeison\\Pictures\\Instagram_files\\dulcecontigo-copia-ACTULIZADO 23 DE MAYO\\vendor\\laravel\\framework\\src\\Illuminate\\Routing\\Router.php(751): Illuminate\\Routing\\Router->runRoute(Object(Illuminate\\Http\\Request), Object(Illuminate\\Routing\\Route))
#37 C:\\Users\\Yeison\\Pictures\\Instagram_files\\dulcecontigo-copia-ACTULIZADO 23 DE MAYO\\vendor\\laravel\\framework\\src\\Illuminate\\Routing\\Router.php(740): Illuminate\\Routing\\Router->dispatchToRoute(Object(Illuminate\\Http\\Request))
#38 C:\\Users\\Yeison\\Pictures\\Instagram_files\\dulcecontigo-copia-ACTULIZADO 23 DE MAYO\\vendor\\laravel\\framework\\src\\Illuminate\\Foundation\\Http\\Kernel.php(201): Illuminate\\Routing\\Router->dispatch(Object(Illuminate\\Http\\Request))
#39 C:\\Users\\Yeison\\Pictures\\Instagram_files\\dulcecontigo-copia-ACTULIZADO 23 DE MAYO\\vendor\\laravel\\framework\\src\\Illuminate\\Pipeline\\Pipeline.php(170): Illuminate\\Foundation\\Http\\Kernel->Illuminate\\Foundation\\Http\\{closure}(Object(Illuminate\\Http\\Request))
#40 C:\\Users\\Yeison\\Pictures\\Instagram_files\\dulcecontigo-copia-ACTULIZADO 23 DE MAYO\\vendor\\laravel\\framework\\src\\Illuminate\\Foundation\\Http\\Middleware\\TransformsRequest.php(21): Illuminate\\Pipeline\\Pipeline->Illuminate\\Pipeline\\{closure}(Object(Illuminate\\Http\\Request))
#41 C:\\Users\\Yeison\\Pictures\\Instagram_files\\dulcecontigo-copia-ACTULIZADO 23 DE MAYO\\vendor\\laravel\\framework\\src\\Illuminate\\Foundation\\Http\\Middleware\\ConvertEmptyStringsToNull.php(31): Illuminate\\Foundation\\Http\\Middleware\\TransformsRequest->handle(Object(Illuminate\\Http\\Request), Object(Closure))
#42 C:\\Users\\Yeison\\Pictures\\Instagram_files\\dulcecontigo-copia-ACTULIZADO 23 DE MAYO\\vendor\\laravel\\framework\\src\\Illuminate\\Pipeline\\Pipeline.php(209): Illuminate\\Foundation\\Http\\Middleware\\ConvertEmptyStringsToNull->handle(Object(Illuminate\\Http\\Request), Object(Closure))
#43 C:\\Users\\Yeison\\Pictures\\Instagram_files\\dulcecontigo-copia-ACTULIZADO 23 DE MAYO\\vendor\\laravel\\framework\\src\\Illuminate\\Foundation\\Http\\Middleware\\TransformsRequest.php(21): Illuminate\\Pipeline\\Pipeline->Illuminate\\Pipeline\\{closure}(Object(Illuminate\\Http\\Request))
#44 C:\\Users\\Yeison\\Pictures\\Instagram_files\\dulcecontigo-copia-ACTULIZADO 23 DE MAYO\\vendor\\laravel\\framework\\src\\Illuminate\\Foundation\\Http\\Middleware\\TrimStrings.php(51): Illuminate\\Foundation\\Http\\Middleware\\TransformsRequest->handle(Object(Illuminate\\Http\\Request), Object(Closure))
#45 C:\\Users\\Yeison\\Pictures\\Instagram_files\\dulcecontigo-copia-ACTULIZADO 23 DE MAYO\\vendor\\laravel\\framework\\src\\Illuminate\\Pipeline\\Pipeline.php(209): Illuminate\\Foundation\\Http\\Middleware\\TrimStrings->handle(Object(Illuminate\\Http\\Request), Object(Closure))
#46 C:\\Users\\Yeison\\Pictures\\Instagram_files\\dulcecontigo-copia-ACTULIZADO 23 DE MAYO\\vendor\\laravel\\framework\\src\\Illuminate\\Http\\Middleware\\ValidatePostSize.php(27): Illuminate\\Pipeline\\Pipeline->Illuminate\\Pipeline\\{closure}(Object(Illuminate\\Http\\Request))
#47 C:\\Users\\Yeison\\Pictures\\Instagram_files\\dulcecontigo-copia-ACTULIZADO 23 DE MAYO\\vendor\\laravel\\framework\\src\\Illuminate\\Pipeline\\Pipeline.php(209): Illuminate\\Http\\Middleware\\ValidatePostSize->handle(Object(Illuminate\\Http\\Request), Object(Closure))
#48 C:\\Users\\Yeison\\Pictures\\Instagram_files\\dulcecontigo-copia-ACTULIZADO 23 DE MAYO\\vendor\\laravel\\framework\\src\\Illuminate\\Foundation\\Http\\Middleware\\PreventRequestsDuringMaintenance.php(110): Illuminate\\Pipeline\\Pipeline->Illuminate\\Pipeline\\{closure}(Object(Illuminate\\Http\\Request))
#49 C:\\Users\\Yeison\\Pictures\\Instagram_files\\dulcecontigo-copia-ACTULIZADO 23 DE MAYO\\vendor\\laravel\\framework\\src\\Illuminate\\Pipeline\\Pipeline.php(209): Illuminate\\Foundation\\Http\\Middleware\\PreventRequestsDuringMaintenance->handle(Object(Illuminate\\Http\\Request), Object(Closure))
#50 C:\\Users\\Yeison\\Pictures\\Instagram_files\\dulcecontigo-copia-ACTULIZADO 23 DE MAYO\\vendor\\laravel\\framework\\src\\Illuminate\\Http\\Middleware\\HandleCors.php(49): Illuminate\\Pipeline\\Pipeline->Illuminate\\Pipeline\\{closure}(Object(Illuminate\\Http\\Request))
#51 C:\\Users\\Yeison\\Pictures\\Instagram_files\\dulcecontigo-copia-ACTULIZADO 23 DE MAYO\\vendor\\laravel\\framework\\src\\Illuminate\\Pipeline\\Pipeline.php(209): Illuminate\\Http\\Middleware\\HandleCors->handle(Object(Illuminate\\Http\\Request), Object(Closure))
#52 C:\\Users\\Yeison\\Pictures\\Instagram_files\\dulcecontigo-copia-ACTULIZADO 23 DE MAYO\\vendor\\laravel\\framework\\src\\Illuminate\\Http\\Middleware\\TrustProxies.php(58): Illuminate\\Pipeline\\Pipeline->Illuminate\\Pipeline\\{closure}(Object(Illuminate\\Http\\Request))
#53 C:\\Users\\Yeison\\Pictures\\Instagram_files\\dulcecontigo-copia-ACTULIZADO 23 DE MAYO\\vendor\\laravel\\framework\\src\\Illuminate\\Pipeline\\Pipeline.php(209): Illuminate\\Http\\Middleware\\TrustProxies->handle(Object(Illuminate\\Http\\Request), Object(Closure))
#54 C:\\Users\\Yeison\\Pictures\\Instagram_files\\dulcecontigo-copia-ACTULIZADO 23 DE MAYO\\vendor\\laravel\\framework\\src\\Illuminate\\Foundation\\Http\\Middleware\\InvokeDeferredCallbacks.php(22): Illuminate\\Pipeline\\Pipeline->Illuminate\\Pipeline\\{closure}(Object(Illuminate\\Http\\Request))
#55 C:\\Users\\Yeison\\Pictures\\Instagram_files\\dulcecontigo-copia-ACTULIZADO 23 DE MAYO\\vendor\\laravel\\framework\\src\\Illuminate\\Pipeline\\Pipeline.php(209): Illuminate\\Foundation\\Http\\Middleware\\InvokeDeferredCallbacks->handle(Object(Illuminate\\Http\\Request), Object(Closure))
#56 C:\\Users\\Yeison\\Pictures\\Instagram_files\\dulcecontigo-copia-ACTULIZADO 23 DE MAYO\\vendor\\laravel\\framework\\src\\Illuminate\\Http\\Middleware\\ValidatePathEncoding.php(26): Illuminate\\Pipeline\\Pipeline->Illuminate\\Pipeline\\{closure}(Object(Illuminate\\Http\\Request))
#57 C:\\Users\\Yeison\\Pictures\\Instagram_files\\dulcecontigo-copia-ACTULIZADO 23 DE MAYO\\vendor\\laravel\\framework\\src\\Illuminate\\Pipeline\\Pipeline.php(209): Illuminate\\Http\\Middleware\\ValidatePathEncoding->handle(Object(Illuminate\\Http\\Request), Object(Closure))
#58 C:\\Users\\Yeison\\Pictures\\Instagram_files\\dulcecontigo-copia-ACTULIZADO 23 DE MAYO\\vendor\\laravel\\framework\\src\\Illuminate\\Pipeline\\Pipeline.php(127): Illuminate\\Pipeline\\Pipeline->Illuminate\\Pipeline\\{closure}(Object(Illuminate\\Http\\Request))
#59 C:\\Users\\Yeison\\Pictures\\Instagram_files\\dulcecontigo-copia-ACTULIZADO 23 DE MAYO\\vendor\\laravel\\framework\\src\\Illuminate\\Foundation\\Http\\Kernel.php(176): Illuminate\\Pipeline\\Pipeline->then(Object(Closure))
#60 C:\\Users\\Yeison\\Pictures\\Instagram_files\\dulcecontigo-copia-ACTULIZADO 23 DE MAYO\\vendor\\laravel\\framework\\src\\Illuminate\\Foundation\\Http\\Kernel.php(145): Illuminate\\Foundation\\Http\\Kernel->sendRequestThroughRouter(Object(Illuminate\\Http\\Request))
#61 C:\\Users\\Yeison\\Pictures\\Instagram_files\\dulcecontigo-copia-ACTULIZADO 23 DE MAYO\\vendor\\laravel\\framework\\src\\Illuminate\\Foundation\\Application.php(1220): Illuminate\\Foundation\\Http\\Kernel->handle(Object(Illuminate\\Http\\Request))
#62 C:\\Users\\Yeison\\Pictures\\Instagram_files\\dulcecontigo-copia-ACTULIZADO 23 DE MAYO\\public\\index.php(20): Illuminate\\Foundation\\Application->handleRequest(Object(Illuminate\\Http\\Request))
#63 C:\\Users\\Yeison\\Pictures\\Instagram_files\\dulcecontigo-copia-ACTULIZADO 23 DE MAYO\\vendor\\laravel\\framework\\src\\Illuminate\\Foundation\\resources\\server.php(23): require_once('C:\\\\Users\\\\Yeison...')
#64 {main}
"} 
[2025-05-29 20:23:36] local.ERROR: Uncaught InvalidArgumentException: Please provide a valid cache path. in C:\Users\Yeison\Pictures\Instagram_files\dulcecontigo-copia-ACTULIZADO 23 DE MAYO\vendor\laravel\framework\src\Illuminate\View\Compilers\Compiler.php:67
Stack trace:
#0 C:\Users\Yeison\Pictures\Instagram_files\dulcecontigo-copia-ACTULIZADO 23 DE MAYO\vendor\laravel\framework\src\Illuminate\View\ViewServiceProvider.php(97): Illuminate\View\Compilers\Compiler->__construct(Object(Illuminate\Filesystem\Filesystem), false, '', true, 'php')
#1 C:\Users\Yeison\Pictures\Instagram_files\dulcecontigo-copia-ACTULIZADO 23 DE MAYO\vendor\laravel\framework\src\Illuminate\Container\Container.php(1010): Illuminate\View\ViewServiceProvider->Illuminate\View\{closure}(Object(Illuminate\Foundation\Application), Array)
#2 C:\Users\Yeison\Pictures\Instagram_files\dulcecontigo-copia-ACTULIZADO 23 DE MAYO\vendor\laravel\framework\src\Illuminate\Container\Container.php(890): Illuminate\Container\Container->build(Object(Closure))
#3 C:\Users\Yeison\Pictures\Instagram_files\dulcecontigo-copia-ACTULIZADO 23 DE MAYO\vendor\laravel\framework\src\Illuminate\Foundation\Application.php(1078): Illuminate\Container\Container->resolve('blade.compiler', Array, true)
#4 C:\Users\Yeison\Pictures\Instagram_files\dulcecontigo-copia-ACTULIZADO 23 DE MAYO\vendor\laravel\framework\src\Illuminate\Container\Container.php(821): Illuminate\Foundation\Application->resolve('blade.compiler', Array)
#5 C:\Users\Yeison\Pictures\Instagram_files\dulcecontigo-copia-ACTULIZADO 23 DE MAYO\vendor\laravel\framework\src\Illuminate\Foundation\Application.php(1058): Illuminate\Container\Container->make('blade.compiler', Array)
#6 C:\Users\Yeison\Pictures\Instagram_files\dulcecontigo-copia-ACTULIZADO 23 DE MAYO\vendor\laravel\framework\src\Illuminate\Foundation\helpers.php(124): Illuminate\Foundation\Application->make('blade.compiler', Array)
#7 Command line code(1): app('Illuminate\\View...')
#8 {main}
  thrown {"exception":"[object] (Symfony\\Component\\ErrorHandler\\Error\\FatalError(code: 0): Uncaught InvalidArgumentException: Please provide a valid cache path. in C:\\Users\\Yeison\\Pictures\\Instagram_files\\dulcecontigo-copia-ACTULIZADO 23 DE MAYO\\vendor\\laravel\\framework\\src\\Illuminate\\View\\Compilers\\Compiler.php:67
Stack trace:
#0 C:\\Users\\Yeison\\Pictures\\Instagram_files\\dulcecontigo-copia-ACTULIZADO 23 DE MAYO\\vendor\\laravel\\framework\\src\\Illuminate\\View\\ViewServiceProvider.php(97): Illuminate\\View\\Compilers\\Compiler->__construct(Object(Illuminate\\Filesystem\\Filesystem), false, '', true, 'php')
#1 C:\\Users\\Yeison\\Pictures\\Instagram_files\\dulcecontigo-copia-ACTULIZADO 23 DE MAYO\\vendor\\laravel\\framework\\src\\Illuminate\\Container\\Container.php(1010): Illuminate\\View\\ViewServiceProvider->Illuminate\\View\\{closure}(Object(Illuminate\\Foundation\\Application), Array)
#2 C:\\Users\\Yeison\\Pictures\\Instagram_files\\dulcecontigo-copia-ACTULIZADO 23 DE MAYO\\vendor\\laravel\\framework\\src\\Illuminate\\Container\\Container.php(890): Illuminate\\Container\\Container->build(Object(Closure))
#3 C:\\Users\\Yeison\\Pictures\\Instagram_files\\dulcecontigo-copia-ACTULIZADO 23 DE MAYO\\vendor\\laravel\\framework\\src\\Illuminate\\Foundation\\Application.php(1078): Illuminate\\Container\\Container->resolve('blade.compiler', Array, true)
#4 C:\\Users\\Yeison\\Pictures\\Instagram_files\\dulcecontigo-copia-ACTULIZADO 23 DE MAYO\\vendor\\laravel\\framework\\src\\Illuminate\\Container\\Container.php(821): Illuminate\\Foundation\\Application->resolve('blade.compiler', Array)
#5 C:\\Users\\Yeison\\Pictures\\Instagram_files\\dulcecontigo-copia-ACTULIZADO 23 DE MAYO\\vendor\\laravel\\framework\\src\\Illuminate\\Foundation\\Application.php(1058): Illuminate\\Container\\Container->make('blade.compiler', Array)
#6 C:\\Users\\Yeison\\Pictures\\Instagram_files\\dulcecontigo-copia-ACTULIZADO 23 DE MAYO\\vendor\\laravel\\framework\\src\\Illuminate\\Foundation\\helpers.php(124): Illuminate\\Foundation\\Application->make('blade.compiler', Array)
#7 Command line code(1): app('Illuminate\\\\View...')
#8 {main}
  thrown at C:\\Users\\Yeison\\Pictures\\Instagram_files\\dulcecontigo-copia-ACTULIZADO 23 DE MAYO\\vendor\\laravel\\framework\\src\\Illuminate\\View\\Compilers\\Compiler.php:67)
[stacktrace]
#0 {main}
"} 
[2025-05-29 20:23:36] local.ERROR: Uncaught InvalidArgumentException: Please provide a valid cache path. in C:\Users\Yeison\Pictures\Instagram_files\dulcecontigo-copia-ACTULIZADO 23 DE MAYO\vendor\laravel\framework\src\Illuminate\View\Compilers\Compiler.php:67
Stack trace:
#0 C:\Users\Yeison\Pictures\Instagram_files\dulcecontigo-copia-ACTULIZADO 23 DE MAYO\vendor\laravel\framework\src\Illuminate\View\ViewServiceProvider.php(97): Illuminate\View\Compilers\Compiler->__construct(Object(Illuminate\Filesystem\Filesystem), false, '', true, 'php')
#1 C:\Users\Yeison\Pictures\Instagram_files\dulcecontigo-copia-ACTULIZADO 23 DE MAYO\vendor\laravel\framework\src\Illuminate\Container\Container.php(1010): Illuminate\View\ViewServiceProvider->Illuminate\View\{closure}(Object(Illuminate\Foundation\Application), Array)
#2 C:\Users\Yeison\Pictures\Instagram_files\dulcecontigo-copia-ACTULIZADO 23 DE MAYO\vendor\laravel\framework\src\Illuminate\Container\Container.php(890): Illuminate\Container\Container->build(Object(Closure))
#3 C:\Users\Yeison\Pictures\Instagram_files\dulcecontigo-copia-ACTULIZADO 23 DE MAYO\vendor\laravel\framework\src\Illuminate\Foundation\Application.php(1078): Illuminate\Container\Container->resolve('blade.compiler', Array, true)
#4 C:\Users\Yeison\Pictures\Instagram_files\dulcecontigo-copia-ACTULIZADO 23 DE MAYO\vendor\laravel\framework\src\Illuminate\Container\Container.php(821): Illuminate\Foundation\Application->resolve('blade.compiler', Array)
#5 C:\Users\Yeison\Pictures\Instagram_files\dulcecontigo-copia-ACTULIZADO 23 DE MAYO\vendor\laravel\framework\src\Illuminate\Foundation\Application.php(1058): Illuminate\Container\Container->make('blade.compiler', Array)
#6 C:\Users\Yeison\Pictures\Instagram_files\dulcecontigo-copia-ACTULIZADO 23 DE MAYO\vendor\laravel\framework\src\Illuminate\Foundation\helpers.php(124): Illuminate\Foundation\Application->make('blade.compiler', Array)
#7 Command line code(1): app('Illuminate\\View...')
#8 {main}
  thrown {"exception":"[object] (Symfony\\Component\\ErrorHandler\\Error\\FatalError(code: 0): Uncaught InvalidArgumentException: Please provide a valid cache path. in C:\\Users\\Yeison\\Pictures\\Instagram_files\\dulcecontigo-copia-ACTULIZADO 23 DE MAYO\\vendor\\laravel\\framework\\src\\Illuminate\\View\\Compilers\\Compiler.php:67
Stack trace:
#0 C:\\Users\\Yeison\\Pictures\\Instagram_files\\dulcecontigo-copia-ACTULIZADO 23 DE MAYO\\vendor\\laravel\\framework\\src\\Illuminate\\View\\ViewServiceProvider.php(97): Illuminate\\View\\Compilers\\Compiler->__construct(Object(Illuminate\\Filesystem\\Filesystem), false, '', true, 'php')
#1 C:\\Users\\Yeison\\Pictures\\Instagram_files\\dulcecontigo-copia-ACTULIZADO 23 DE MAYO\\vendor\\laravel\\framework\\src\\Illuminate\\Container\\Container.php(1010): Illuminate\\View\\ViewServiceProvider->Illuminate\\View\\{closure}(Object(Illuminate\\Foundation\\Application), Array)
#2 C:\\Users\\Yeison\\Pictures\\Instagram_files\\dulcecontigo-copia-ACTULIZADO 23 DE MAYO\\vendor\\laravel\\framework\\src\\Illuminate\\Container\\Container.php(890): Illuminate\\Container\\Container->build(Object(Closure))
#3 C:\\Users\\Yeison\\Pictures\\Instagram_files\\dulcecontigo-copia-ACTULIZADO 23 DE MAYO\\vendor\\laravel\\framework\\src\\Illuminate\\Foundation\\Application.php(1078): Illuminate\\Container\\Container->resolve('blade.compiler', Array, true)
#4 C:\\Users\\Yeison\\Pictures\\Instagram_files\\dulcecontigo-copia-ACTULIZADO 23 DE MAYO\\vendor\\laravel\\framework\\src\\Illuminate\\Container\\Container.php(821): Illuminate\\Foundation\\Application->resolve('blade.compiler', Array)
#5 C:\\Users\\Yeison\\Pictures\\Instagram_files\\dulcecontigo-copia-ACTULIZADO 23 DE MAYO\\vendor\\laravel\\framework\\src\\Illuminate\\Foundation\\Application.php(1058): Illuminate\\Container\\Container->make('blade.compiler', Array)
#6 C:\\Users\\Yeison\\Pictures\\Instagram_files\\dulcecontigo-copia-ACTULIZADO 23 DE MAYO\\vendor\\laravel\\framework\\src\\Illuminate\\Foundation\\helpers.php(124): Illuminate\\Foundation\\Application->make('blade.compiler', Array)
#7 Command line code(1): app('Illuminate\\\\View...')
#8 {main}
  thrown at C:\\Users\\Yeison\\Pictures\\Instagram_files\\dulcecontigo-copia-ACTULIZADO 23 DE MAYO\\vendor\\laravel\\framework\\src\\Illuminate\\View\\Compilers\\Compiler.php:67)
[stacktrace]
#0 {main}
"} 
